2025-02-27T11:32:43.757+05:30  INFO 8648 --- [employee_payroll_app] [restartedMain] c.s.a.AddressBookAppApplication          : Starting AddressBookAppApplication using Java 23.0.1 with PID 8648 (C:\Users\abhay\Desktop\CG-Modules\Spring Address Book App\target\classes started by Abhay in C:\Users\abhay\Desktop\CG-Modules\Spring Address Book App)
2025-02-27T11:32:43.784+05:30  INFO 8648 --- [employee_payroll_app] [restartedMain] c.s.a.AddressBookAppApplication          : No active profile set, falling back to 1 default profile: "default"
2025-02-27T11:32:44.696+05:30  INFO 8648 --- [employee_payroll_app] [restartedMain] .e.DevToolsPropertyDefaultsPostProcessor : Devtools property defaults active! Set 'spring.devtools.add-properties' to 'false' to disable
2025-02-27T11:32:44.698+05:30  INFO 8648 --- [employee_payroll_app] [restartedMain] .e.DevToolsPropertyDefaultsPostProcessor : For additional web related logging consider setting the 'logging.level.web' property to 'DEBUG'
2025-02-27T11:32:50.392+05:30  INFO 8648 --- [employee_payroll_app] [restartedMain] .s.d.r.c.RepositoryConfigurationDelegate : Bootstrapping Spring Data JPA repositories in DEFAULT mode.
2025-02-27T11:32:50.466+05:30  INFO 8648 --- [employee_payroll_app] [restartedMain] .s.d.r.c.RepositoryConfigurationDelegate : Finished Spring Data repository scanning in 42 ms. Found 0 JPA repository interfaces.
2025-02-27T11:32:53.664+05:30  INFO 8648 --- [employee_payroll_app] [restartedMain] o.s.b.w.embedded.tomcat.TomcatWebServer  : Tomcat initialized with port 8080 (http)
2025-02-27T11:32:53.755+05:30  INFO 8648 --- [employee_payroll_app] [restartedMain] o.apache.catalina.core.StandardService   : Starting service [Tomcat]
2025-02-27T11:32:53.757+05:30  INFO 8648 --- [employee_payroll_app] [restartedMain] o.apache.catalina.core.StandardEngine    : Starting Servlet engine: [Apache Tomcat/10.1.36]
2025-02-27T11:32:53.967+05:30  INFO 8648 --- [employee_payroll_app] [restartedMain] o.a.c.c.C.[Tomcat].[localhost].[/]       : Initializing Spring embedded WebApplicationContext
2025-02-27T11:32:53.968+05:30  INFO 8648 --- [employee_payroll_app] [restartedMain] w.s.c.ServletWebServerApplicationContext : Root WebApplicationContext: initialization completed in 9267 ms
2025-02-27T11:32:54.618+05:30  INFO 8648 --- [employee_payroll_app] [restartedMain] o.hibernate.jpa.internal.util.LogHelper  : HHH000204: Processing PersistenceUnitInfo [name: default]
2025-02-27T11:32:54.905+05:30  INFO 8648 --- [employee_payroll_app] [restartedMain] org.hibernate.Version                    : HHH000412: Hibernate ORM core version 6.6.8.Final
2025-02-27T11:32:55.131+05:30  INFO 8648 --- [employee_payroll_app] [restartedMain] o.h.c.internal.RegionFactoryInitiator    : HHH000026: Second-level cache disabled
2025-02-27T11:32:56.310+05:30  INFO 8648 --- [employee_payroll_app] [restartedMain] o.s.o.j.p.SpringPersistenceUnitInfo      : No LoadTimeWeaver setup: ignoring JPA class transformer
2025-02-27T11:32:56.436+05:30  INFO 8648 --- [employee_payroll_app] [restartedMain] com.zaxxer.hikari.HikariDataSource       : HikariPool-1 - Starting...
2025-02-27T11:32:58.103+05:30  INFO 8648 --- [employee_payroll_app] [restartedMain] com.zaxxer.hikari.pool.HikariPool        : HikariPool-1 - Added connection com.mysql.cj.jdbc.ConnectionImpl@6b7af0b2
2025-02-27T11:32:58.114+05:30  INFO 8648 --- [employee_payroll_app] [restartedMain] com.zaxxer.hikari.HikariDataSource       : HikariPool-1 - Start completed.
2025-02-27T11:32:58.408+05:30  WARN 8648 --- [employee_payroll_app] [restartedMain] org.hibernate.orm.deprecation            : HHH90000025: MySQL8Dialect does not need to be specified explicitly using 'hibernate.dialect' (remove the property setting and it will be selected by default)
2025-02-27T11:32:58.421+05:30  WARN 8648 --- [employee_payroll_app] [restartedMain] org.hibernate.orm.deprecation            : HHH90000026: MySQL8Dialect has been deprecated; use org.hibernate.dialect.MySQLDialect instead
2025-02-27T11:32:58.642+05:30  INFO 8648 --- [employee_payroll_app] [restartedMain] org.hibernate.orm.connections.pooling    : HHH10001005: Database info:
	Database JDBC URL [Connecting through datasource 'HikariDataSource (HikariPool-1)']
	Database driver: undefined/unknown
	Database version: 8.0
	Autocommit mode: undefined/unknown
	Isolation level: undefined/unknown
	Minimum pool size: undefined/unknown
	Maximum pool size: undefined/unknown
2025-02-27T11:33:01.091+05:30  INFO 8648 --- [employee_payroll_app] [restartedMain] o.h.e.t.j.p.i.JtaPlatformInitiator       : HHH000489: No JTA platform available (set 'hibernate.transaction.jta.platform' to enable JTA platform integration)
2025-02-27T11:33:01.115+05:30  INFO 8648 --- [employee_payroll_app] [restartedMain] j.LocalContainerEntityManagerFactoryBean : Initialized JPA EntityManagerFactory for persistence unit 'default'
2025-02-27T11:33:01.443+05:30  WARN 8648 --- [employee_payroll_app] [restartedMain] JpaBaseConfiguration$JpaWebConfiguration : spring.jpa.open-in-view is enabled by default. Therefore, database queries may be performed during view rendering. Explicitly configure spring.jpa.open-in-view to disable this warning
2025-02-27T11:33:05.397+05:30  INFO 8648 --- [employee_payroll_app] [restartedMain] o.s.b.d.a.OptionalLiveReloadServer       : LiveReload server is running on port 35729
2025-02-27T11:33:05.581+05:30  INFO 8648 --- [employee_payroll_app] [restartedMain] o.s.b.w.embedded.tomcat.TomcatWebServer  : Tomcat started on port 8080 (http) with context path '/'
2025-02-27T11:33:05.636+05:30  INFO 8648 --- [employee_payroll_app] [restartedMain] c.s.a.AddressBookAppApplication          : Started AddressBookAppApplication in 25.084 seconds (process running for 29.535)
2025-02-27T11:34:04.795+05:30  INFO 8648 --- [employee_payroll_app] [http-nio-8080-exec-1] o.a.c.c.C.[Tomcat].[localhost].[/]       : Initializing Spring DispatcherServlet 'dispatcherServlet'
2025-02-27T11:34:04.798+05:30  INFO 8648 --- [employee_payroll_app] [http-nio-8080-exec-1] o.s.web.servlet.DispatcherServlet        : Initializing Servlet 'dispatcherServlet'
2025-02-27T11:34:04.811+05:30  INFO 8648 --- [employee_payroll_app] [http-nio-8080-exec-1] o.s.web.servlet.DispatcherServlet        : Completed initialization in 12 ms
2025-02-27T11:34:23.315+05:30  WARN 8648 --- [employee_payroll_app] [http-nio-8080-exec-4] .w.s.m.s.DefaultHandlerExceptionResolver : Resolved [org.springframework.web.HttpRequestMethodNotSupportedException: Request method 'PUT' is not supported]
2025-02-27T11:34:44.382+05:30  INFO 8648 --- [employee_payroll_app] [SpringApplicationShutdownHook] o.s.b.w.e.tomcat.GracefulShutdown        : Commencing graceful shutdown. Waiting for active requests to complete
2025-02-27T11:34:44.397+05:30  INFO 8648 --- [employee_payroll_app] [tomcat-shutdown] o.s.b.w.e.tomcat.GracefulShutdown        : Graceful shutdown complete
2025-02-27T11:34:44.416+05:30  INFO 8648 --- [employee_payroll_app] [SpringApplicationShutdownHook] j.LocalContainerEntityManagerFactoryBean : Closing JPA EntityManagerFactory for persistence unit 'default'
2025-02-27T11:34:44.430+05:30  INFO 8648 --- [employee_payroll_app] [SpringApplicationShutdownHook] com.zaxxer.hikari.HikariDataSource       : HikariPool-1 - Shutdown initiated...
2025-02-27T11:34:44.483+05:30  INFO 8648 --- [employee_payroll_app] [SpringApplicationShutdownHook] com.zaxxer.hikari.HikariDataSource       : HikariPool-1 - Shutdown completed.
